Build started 18.3.2015 9:49:00.
     1>Project "C:\Users\ttv14snikos\documents\visual studio 2013\Projects\AI\AI\AI.vcxproj" on node 2 (Rebuild target(s)).
     1>ClCompile:
         C:\Program Files (x86)\Microsoft Visual Studio 12.0\VC\bin\CL.exe /c /Zi /nologo /W3 /WX- /O2 /Oi /Oy- /GL /D WIN32 /D NDEBUG /D _CONSOLE /D _LIB /D _UNICODE /D UNICODE /Gm- /EHsc /MD /GS /Gy /fp:precise /Zc:wchar_t /Zc:forScope /Fo"Release\\" /Fd"Release\vc120.pdb" /Gd /TP /analyze- /errorReport:prompt BFS.cpp DecisionTree.cpp DogMachine.cpp Main.cpp Puzzle.cpp StateMachine.cpp
         BFS.cpp
         DecisionTree.cpp
     1>DecisionTree.cpp(7): warning C4068: unknown pragma
         DogMachine.cpp
     1>DogMachine.cpp(12): warning C4018: '>' : signed/unsigned mismatch
         Main.cpp
         Puzzle.cpp
         StateMachine.cpp
       Link:
         C:\Program Files (x86)\Microsoft Visual Studio 12.0\VC\bin\link.exe /ERRORREPORT:PROMPT /OUT:"C:\Users\ttv14snikos\documents\visual studio 2013\Projects\AI\Release\AI.exe" /INCREMENTAL:NO /NOLOGO kernel32.lib user32.lib gdi32.lib winspool.lib comdlg32.lib advapi32.lib shell32.lib ole32.lib oleaut32.lib uuid.lib odbc32.lib odbccp32.lib /MANIFEST /MANIFESTUAC:"level='asInvoker' uiAccess='false'" /manifest:embed /DEBUG /PDB:"C:\Users\ttv14snikos\documents\visual studio 2013\Projects\AI\Release\AI.pdb" /SUBSYSTEM:CONSOLE /OPT:REF /OPT:ICF /LTCG /TLBID:1 /DYNAMICBASE /NXCOMPAT /IMPLIB:"C:\Users\ttv14snikos\documents\visual studio 2013\Projects\AI\Release\AI.lib" /MACHINE:X86 /SAFESEH Release\BFS.obj
         Release\DecisionTree.obj
         Release\DogMachine.obj
         Release\Main.obj
         Release\Puzzle.obj
         Release\StateMachine.obj
         Generating code
     1>c:\users\ttv14snikos\documents\visual studio 2013\projects\ai\ai\puzzle.cpp(139): warning C4715: 'Puzzle::getEmptyTileColumn' : not all control paths return a value
     1>c:\users\ttv14snikos\documents\visual studio 2013\projects\ai\ai\puzzle.cpp(130): warning C4715: 'Puzzle::getEmptyTileRow' : not all control paths return a value
         Finished generating code
         AI.vcxproj -> C:\Users\ttv14snikos\documents\visual studio 2013\Projects\AI\Release\AI.exe
     1>Done Building Project "C:\Users\ttv14snikos\documents\visual studio 2013\Projects\AI\AI\AI.vcxproj" (Rebuild target(s)).

Build succeeded.

Time Elapsed 00:00:02.19
