Build started 18.3.2015 17:09:22.
     1>Project "C:\Users\ttv14snikos\documents\visual studio 2013\Projects\AI\AI\AI.vcxproj" on node 2 (Build target(s)).
     1>ClCompile:
         C:\Program Files (x86)\Microsoft Visual Studio 12.0\VC\bin\CL.exe /c /ZI /nologo /W3 /WX- /Od /Oy- /D WIN32 /D _DEBUG /D _CONSOLE /D _LIB /D _UNICODE /D UNICODE /Gm /EHsc /RTC1 /MDd /GS /fp:precise /Zc:wchar_t /Zc:forScope /Fo"Debug\\" /Fd"Debug\vc120.pdb" /Gd /TP /analyze- /errorReport:prompt Main.cpp
         Main.cpp
     1>c:\users\ttv14snikos\documents\visual studio 2013\projects\ai\ai\astarpathfinder.h(98): warning C4018: '<' : signed/unsigned mismatch
     1>c:\users\ttv14snikos\documents\visual studio 2013\projects\ai\ai\main.cpp(82): warning C4996: '_sleep': This function or variable has been superceded by newer library or operating system functionality. Consider using Sleep instead. See online help for details.
                 c:\program files (x86)\microsoft visual studio 12.0\vc\include\stdlib.h(911) : see declaration of '_sleep'
       Link:
         C:\Program Files (x86)\Microsoft Visual Studio 12.0\VC\bin\link.exe /ERRORREPORT:PROMPT /OUT:"C:\Users\ttv14snikos\documents\visual studio 2013\Projects\AI\Debug\AI.exe" /INCREMENTAL /NOLOGO kernel32.lib user32.lib gdi32.lib winspool.lib comdlg32.lib advapi32.lib shell32.lib ole32.lib oleaut32.lib uuid.lib odbc32.lib odbccp32.lib /MANIFEST /MANIFESTUAC:"level='asInvoker' uiAccess='false'" /manifest:embed /DEBUG /PDB:"C:\Users\ttv14snikos\documents\visual studio 2013\Projects\AI\Debug\AI.pdb" /SUBSYSTEM:CONSOLE /TLBID:1 /DYNAMICBASE /NXCOMPAT /IMPLIB:"C:\Users\ttv14snikos\documents\visual studio 2013\Projects\AI\Debug\AI.lib" /MACHINE:X86 Debug\AStarPathfinder.obj
         Debug\BFS.obj
         Debug\DecisionTree.obj
         Debug\DogMachine.obj
         Debug\Main.obj
         Debug\NIM.obj
         Debug\Puzzle.obj
         Debug\StateMachine.obj
         AI.vcxproj -> C:\Users\ttv14snikos\documents\visual studio 2013\Projects\AI\Debug\AI.exe
     1>Done Building Project "C:\Users\ttv14snikos\documents\visual studio 2013\Projects\AI\AI\AI.vcxproj" (Build target(s)).

Build succeeded.

Time Elapsed 00:00:00.68
